"resin-port-9560-360" #360 daemon prio=5 os_prio=0 tid=0x00007f68a016a000 nid=0x1e222 runnable [0x00007f664b876000]
2133-   java.lang.Thread.State: RUNNABLE
2134-	at java.util.ComparableTimSort.countRunAndMakeAscending(ComparableTimSort.java:325)
2135-	at java.util.ComparableTimSort.sort(ComparableTimSort.java:202)
2136-	at java.util.Arrays.sort(Arrays.java:1246)
2137-	at io.micrometer.core.instrument.Tags.<init>(Tags.java:43)
2138-	at io.micrometer.core.instrument.Tags.and(Tags.java:103)
2139-	at io.micrometer.core.instrument.Tags.and(Tags.java:121)
2140-	at io.micrometer.core.instrument.Tags.concat(Tags.java:195)
2141-	at io.micrometer.core.instrument.config.MeterFilter$1.map(MeterFilter.java:58)
2142-	at io.micrometer.core.instrument.MeterRegistry.getMappedId(MeterRegistry.java:582)
2143-	at io.micrometer.core.instrument.MeterRegistry.registerMeterIfNecessary(MeterRegistry.java:567)
2144-	at io.micrometer.core.instrument.MeterRegistry.timer(MeterRegistry.java:308)
2145-	at io.micrometer.core.instrument.Timer$Builder.register(Timer.java:400)
2146-	at com.xiaomi.mifi.api.prometheus.PrometheusMeter.histogram(PrometheusMeter.java:64)
2147-	at com.xiaomi.mifi.api.controllers.credit.MetricsController.lambda$sample$0(MetricsController.java:35)
2148-	at com.xiaomi.mifi.api.controllers.credit.MetricsController$$Lambda$73/762187830.accept(Unknown Source)
2149-	at java.util.ArrayList.forEach(ArrayList.java:1257)
2150-	at com.xiaomi.mifi.api.controllers.credit.MetricsController.sample(MetricsController.java:35)
2151-	at sun.reflect.GeneratedMethodAccessor63.invoke(Unknown Source)
2152-	at sun.reflect.DelegatingMethodAccessorImpl.invoke(DelegatingMethodAccessorImpl.java:43)
2153-	at java.lang.reflect.Method.invoke(Method.java:498)
2154-	at net.paoding.rose.web.impl.thread.ActionEngine$InvocationChainImpl.doNext(ActionEngine.java:487)
2155-	at net.paoding.rose.web.ControllerInterceptorAdapter.round(ControllerInterceptorAdapter.java:136)
2156-	at net.paoding.rose.web.ControllerInterceptorAdapter.roundInvocation(ControllerInterceptorAdapter.java:104)
2157-	at net.paoding.rose.web.InterceptorDelegate.roundInvocation(InterceptorDelegate.java:106)
2158-	at net.paoding.rose.web.impl.thread.ActionEngine$InvocationChainImpl.doNext(ActionEngine.java:468)
2159-	at net.paoding.rose.web.ControllerInterceptorAdapter.round(ControllerInterceptorAdapter.java:136)
2160-	at net.paoding.rose.web.ControllerInterceptorAdapter.roundInvocation(ControllerInterceptorAdapter.java:104)
2161-	at net.paoding.rose.web.InterceptorDelegate.roundInvocation(InterceptorDelegate.java:106)
2162-	at net.paoding.rose.web.impl.thread.ActionEngine$InvocationChainImpl.doNext(ActionEngine.java:468)
2163-	at net.paoding.rose.web.ControllerInterceptorAdapter.round(ControllerInterceptorAdapter.java:136)
2164-	at net.paoding.rose.web.portal.impl.WindowCancelableSupportInterceptor.round(WindowCancelableSupportInterceptor.java:39)
2165-	at net.paoding.rose.web.ControllerInterceptorAdapter.roundInvocation(ControllerInterceptorAdapter.java:104)
2166-	at net.paoding.rose.web.InterceptorDelegate.roundInvocation(InterceptorDelegate.java:106)
2167-	at net.paoding.rose.web.impl.thread.ActionEngine$InvocationChainImpl.doNext(ActionEngine.java:468)
2168-	at net.paoding.rose.web.impl.thread.ActionEngine.innerExecute(ActionEngine.java:445)
2169-	at net.paoding.rose.web.impl.thread.ActionEngine.execute(ActionEngine.java:391)
2170-	at net.paoding.rose.web.impl.thread.LinkedEngine.execute(LinkedEngine.java:69)
2171-	at net.paoding.rose.web.impl.thread.Rose.doNext(Rose.java:121)
2172-	at net.paoding.rose.web.impl.thread.ControllerEngine.execute(ControllerEngine.java:83)
2173-	at net.paoding.rose.web.impl.thread.LinkedEngine.execute(LinkedEngine.java:69)
2174-	at net.paoding.rose.web.impl.thread.Rose.doNext(Rose.java:121)
2175-	at net.paoding.rose.web.impl.thread.ModuleEngine.execute(ModuleEngine.java:119)
2176-	at net.paoding.rose.web.impl.thread.LinkedEngine.execute(LinkedEngine.java:69)
2177-	at net.paoding.rose.web.impl.thread.Rose.doNext(Rose.java:121)
2178-	at net.paoding.rose.web.impl.thread.RootEngine.execute(RootEngine.java:126)
2179-	at net.paoding.rose.web.impl.thread.LinkedEngine.execute(LinkedEngine.java:69)
2180-	at net.paoding.rose.web.impl.thread.Rose.doNext(Rose.java:121)
2181-	at net.paoding.rose.web.impl.thread.Rose.innerStart(Rose.java:256)
2182-	at net.paoding.rose.web.impl.thread.Rose.start(Rose.java:109)